<?xml version="1.0" encoding="UTF-8"?>
<coverage generated="1714878547229" clover="3.2.0">
  <project timestamp="1714878547229" name="All files">
    <metrics statements="4" coveredstatements="4" conditionals="0" coveredconditionals="0" methods="2" coveredmethods="2" elements="6" coveredelements="6" complexity="0" loc="4" ncloc="4" packages="1" files="1" classes="1"/>
    <file name="useToggleHook.tsx" path="C:\Users\cami_\Escritorio\weight-tracker-app-frontend-UNIR\weight-trackingapp-frontend-UNIR\src\hooks\useToggleHook.tsx">
      <metrics statements="4" coveredstatements="4" conditionals="0" coveredconditionals="0" methods="2" coveredmethods="2"/>
      <line num="5" count="1" type="stmt"/>
      <line num="7" count="3" type="stmt"/>
      <line num="9" count="3" type="stmt"/>
      <line num="11" count="3" type="stmt"/>
    </file>
  </project>
</coverage>
