{"C:\\Users\\cami_\\Escritorio\\weight-tracker-app-frontend-UNIR\\weight-trackingapp-frontend-UNIR\\src\\hooks\\useToggleHook.tsx": {"path":"C:\\Users\\cami_\\Escritorio\\weight-tracker-app-frontend-UNIR\\weight-trackingapp-frontend-UNIR\\src\\hooks\\useToggleHook.tsx","statementMap":{"0":{"start":{"line":5,"column":22},"end":{"line":15,"column":1}},"1":{"start":{"line":7,"column":32},"end":{"line":7,"column":54}},"2":{"start":{"line":9,"column":25},"end":{"line":9,"column":49}},"3":{"start":{"line":9,"column":31},"end":{"line":9,"column":49}},"4":{"start":{"line":11,"column":4},"end":{"line":14,"column":5}}},"fnMap":{"0":{"name":"(anonymous_0)","decl":{"start":{"line":5,"column":22},"end":{"line":5,"column":23}},"loc":{"start":{"line":6,"column":0},"end":{"line":15,"column":1}},"line":6},"1":{"name":"(anonymous_1)","decl":{"start":{"line":9,"column":25},"end":{"line":9,"column":26}},"loc":{"start":{"line":9,"column":31},"end":{"line":9,"column":49}},"line":9}},"branchMap":{},"s":{"0":1,"1":3,"2":3,"3":2,"4":3},"f":{"0":3,"1":2},"b":{},"_coverageSchema":"1a1c01bbd47fc00a2c39e90264f33305004495a9","hash":"7a6425f339329c2542cb3f6c53fe01bc35f83932"}
}
